<?xml version="1.0" encoding="UTF-8"?>
<testsuite name="com.dreambuilders.eresume.EresumeApplicationTests" tests="1" skipped="0" failures="0" errors="0" timestamp="2020-02-01T18:39:53" hostname="DESKTOP-08I2GPS" time="0.278">
  <properties/>
  <testcase name="contextLoads()" classname="com.dreambuilders.eresume.EresumeApplicationTests" time="0.278"/>
  <system-out><![CDATA[00:09:43.964 [Test worker] DEBUG org.springframework.test.context.BootstrapUtils - Instantiating CacheAwareContextLoaderDelegate from class [org.springframework.test.context.cache.DefaultCacheAwareContextLoaderDelegate]
00:09:43.979 [Test worker] DEBUG org.springframework.test.context.BootstrapUtils - Instantiating BootstrapContext using constructor [public org.springframework.test.context.support.DefaultBootstrapContext(java.lang.Class,org.springframework.test.context.CacheAwareContextLoaderDelegate)]
00:09:44.006 [Test worker] DEBUG org.springframework.test.context.BootstrapUtils - Instantiating TestContextBootstrapper for test class [com.dreambuilders.eresume.EresumeApplicationTests] from class [org.springframework.boot.test.context.SpringBootTestContextBootstrapper]
00:09:44.024 [Test worker] INFO org.springframework.boot.test.context.SpringBootTestContextBootstrapper - Neither @ContextConfiguration nor @ContextHierarchy found for test class [com.dreambuilders.eresume.EresumeApplicationTests], using SpringBootContextLoader
00:09:44.028 [Test worker] DEBUG org.springframework.test.context.support.AbstractContextLoader - Did not detect default resource location for test class [com.dreambuilders.eresume.EresumeApplicationTests]: class path resource [com/dreambuilders/eresume/EresumeApplicationTests-context.xml] does not exist
00:09:44.029 [Test worker] DEBUG org.springframework.test.context.support.AbstractContextLoader - Did not detect default resource location for test class [com.dreambuilders.eresume.EresumeApplicationTests]: class path resource [com/dreambuilders/eresume/EresumeApplicationTestsContext.groovy] does not exist
00:09:44.029 [Test worker] INFO org.springframework.test.context.support.AbstractContextLoader - Could not detect default resource locations for test class [com.dreambuilders.eresume.EresumeApplicationTests]: no resource found for suffixes {-context.xml, Context.groovy}.
00:09:44.029 [Test worker] INFO org.springframework.test.context.support.AnnotationConfigContextLoaderUtils - Could not detect default configuration classes for test class [com.dreambuilders.eresume.EresumeApplicationTests]: EresumeApplicationTests does not declare any static, non-private, non-final, nested classes annotated with @Configuration.
00:09:44.072 [Test worker] DEBUG org.springframework.test.context.support.ActiveProfilesUtils - Could not find an 'annotation declaring class' for annotation type [org.springframework.test.context.ActiveProfiles] and class [com.dreambuilders.eresume.EresumeApplicationTests]
00:09:44.148 [Test worker] DEBUG org.springframework.context.annotation.ClassPathScanningCandidateComponentProvider - Identified candidate component class: file [C:\Users\hp\Documents\workspace-spring-tool-suite-4-4.3.2.RELEASE\eresume\build\classes\java\main\com\dreambuilders\eresume\EresumeApplication.class]
00:09:44.149 [Test worker] INFO org.springframework.boot.test.context.SpringBootTestContextBootstrapper - Found @SpringBootConfiguration com.dreambuilders.eresume.EresumeApplication for test class com.dreambuilders.eresume.EresumeApplicationTests
00:09:44.252 [Test worker] DEBUG org.springframework.boot.test.context.SpringBootTestContextBootstrapper - @TestExecutionListeners is not present for class [com.dreambuilders.eresume.EresumeApplicationTests]: using defaults.
00:09:44.252 [Test worker] INFO org.springframework.boot.test.context.SpringBootTestContextBootstrapper - Loaded default TestExecutionListener class names from location [META-INF/spring.factories]: [org.springframework.boot.test.autoconfigure.restdocs.RestDocsTestExecutionListener, org.springframework.boot.test.autoconfigure.web.client.MockRestServiceServerResetTestExecutionListener, org.springframework.boot.test.autoconfigure.web.servlet.MockMvcPrintOnlyOnFailureTestExecutionListener, org.springframework.boot.test.autoconfigure.web.servlet.WebDriverTestExecutionListener, org.springframework.boot.test.mock.mockito.MockitoTestExecutionListener, org.springframework.boot.test.mock.mockito.ResetMocksTestExecutionListener, org.springframework.test.context.web.ServletTestExecutionListener, org.springframework.test.context.support.DirtiesContextBeforeModesTestExecutionListener, org.springframework.test.context.support.DependencyInjectionTestExecutionListener, org.springframework.test.context.support.DirtiesContextTestExecutionListener, org.springframework.test.context.transaction.TransactionalTestExecutionListener, org.springframework.test.context.jdbc.SqlScriptsTestExecutionListener, org.springframework.test.context.event.EventPublishingTestExecutionListener]
00:09:44.273 [Test worker] INFO org.springframework.boot.test.context.SpringBootTestContextBootstrapper - Using TestExecutionListeners: [org.springframework.test.context.web.ServletTestExecutionListener@5c1c7f4e, org.springframework.test.context.support.DirtiesContextBeforeModesTestExecutionListener@34bb7748, org.springframework.boot.test.mock.mockito.MockitoTestExecutionListener@141beb51, org.springframework.boot.test.autoconfigure.SpringBootDependencyInjectionTestExecutionListener@1a0c0dd0, org.springframework.test.context.support.DirtiesContextTestExecutionListener@2555e7d0, org.springframework.test.context.transaction.TransactionalTestExecutionListener@4a3bc505, org.springframework.test.context.jdbc.SqlScriptsTestExecutionListener@131fe70, org.springframework.test.context.event.EventPublishingTestExecutionListener@7b29010b, org.springframework.boot.test.autoconfigure.restdocs.RestDocsTestExecutionListener@714812d9, org.springframework.boot.test.autoconfigure.web.client.MockRestServiceServerResetTestExecutionListener@654ff218, org.springframework.boot.test.autoconfigure.web.servlet.MockMvcPrintOnlyOnFailureTestExecutionListener@6b8352bf, org.springframework.boot.test.autoconfigure.web.servlet.WebDriverTestExecutionListener@5811379d, org.springframework.boot.test.mock.mockito.ResetMocksTestExecutionListener@697e389c]
00:09:44.277 [Test worker] DEBUG org.springframework.test.context.support.AbstractDirtiesContextTestExecutionListener - Before test class: context [DefaultTestContext@be12983 testClass = EresumeApplicationTests, testInstance = [null], testMethod = [null], testException = [null], mergedContextConfiguration = [WebMergedContextConfiguration@1e530fe7 testClass = EresumeApplicationTests, locations = '{}', classes = '{class com.dreambuilders.eresume.EresumeApplication}', contextInitializerClasses = '[]', activeProfiles = '{}', propertySourceLocations = '{}', propertySourceProperties = '{org.springframework.boot.test.context.SpringBootTestContextBootstrapper=true}', contextCustomizers = set[org.springframework.boot.test.autoconfigure.properties.PropertyMappingContextCustomizer@0, org.springframework.boot.test.autoconfigure.web.servlet.WebDriverContextCustomizerFactory$Customizer@33e951f8, org.springframework.boot.test.context.filter.ExcludeFilterContextCustomizer@732846, org.springframework.boot.test.json.DuplicateJsonObjectContextCustomizerFactory$DuplicateJsonObjectContextCustomizer@90d1e6b, org.springframework.boot.test.mock.mockito.MockitoContextCustomizer@0, org.springframework.boot.test.web.client.TestRestTemplateContextCustomizer@91d07cb], resourceBasePath = 'src/main/webapp', contextLoader = 'org.springframework.boot.test.context.SpringBootContextLoader', parent = [null]], attributes = map['org.springframework.test.context.web.ServletTestExecutionListener.activateListener' -> true]], class annotated with @DirtiesContext [false] with mode [null].
00:09:44.315 [Test worker] DEBUG org.springframework.test.context.support.TestPropertySourceUtils - Adding inlined properties to environment: {spring.jmx.enabled=false, org.springframework.boot.test.context.SpringBootTestContextBootstrapper=true, server.port=-1}

  .   ____          _            __ _ _
 /\\ / ___'_ __ _ _(_)_ __  __ _ \ \ \ \
( ( )\___ | '_ | '_| | '_ \/ _` | \ \ \ \
 \\/  ___)| |_)| | | | | || (_| |  ) ) ) )
  '  |____| .__|_| |_|_| |_\__, | / / / /
 =========|_|==============|___/=/_/_/_/
 :: Spring Boot ::        (v2.2.4.RELEASE)

2020-02-02 00:09:45.863  INFO 17544 --- [    Test worker] c.d.eresume.EresumeApplicationTests      : The following profiles are active: dev
2020-02-02 00:09:47.190  INFO 17544 --- [    Test worker] .s.d.r.c.RepositoryConfigurationDelegate : Bootstrapping Spring Data JPA repositories in DEFAULT mode.
2020-02-02 00:09:47.214  INFO 17544 --- [    Test worker] .s.d.r.c.RepositoryConfigurationDelegate : Finished Spring Data repository scanning in 14ms. Found 0 JPA repository interfaces.
2020-02-02 00:09:47.489  INFO 17544 --- [    Test worker] o.s.cloud.context.scope.GenericScope     : BeanFactory id=b99c1699-76e7-3f44-aa30-76aac1063808
2020-02-02 00:09:47.756  INFO 17544 --- [    Test worker] trationDelegate$BeanPostProcessorChecker : Bean 'org.springframework.transaction.annotation.ProxyTransactionManagementConfiguration' of type [org.springframework.transaction.annotation.ProxyTransactionManagementConfiguration] is not eligible for getting processed by all BeanPostProcessors (for example: not eligible for auto-proxying)
2020-02-02 00:09:48.412  INFO 17544 --- [    Test worker] com.zaxxer.hikari.HikariDataSource       : HikariPool-1 - Starting...
2020-02-02 00:09:49.365  INFO 17544 --- [    Test worker] com.zaxxer.hikari.HikariDataSource       : HikariPool-1 - Start completed.
2020-02-02 00:09:49.461  INFO 17544 --- [    Test worker] o.hibernate.jpa.internal.util.LogHelper  : HHH000204: Processing PersistenceUnitInfo [name: default]
2020-02-02 00:09:49.610  INFO 17544 --- [    Test worker] org.hibernate.Version                    : HHH000412: Hibernate Core {5.4.10.Final}
2020-02-02 00:09:49.858  INFO 17544 --- [    Test worker] o.hibernate.annotations.common.Version   : HCANN000001: Hibernate Commons Annotations {5.1.0.Final}
2020-02-02 00:09:50.044  INFO 17544 --- [    Test worker] org.hibernate.dialect.Dialect            : HHH000400: Using dialect: org.hibernate.dialect.MySQL8Dialect
2020-02-02 00:09:51.138  INFO 17544 --- [    Test worker] o.h.e.t.j.p.i.JtaPlatformInitiator       : HHH000490: Using JtaPlatform implementation: [org.hibernate.engine.transaction.jta.platform.internal.NoJtaPlatform]
2020-02-02 00:09:51.148  INFO 17544 --- [    Test worker] j.LocalContainerEntityManagerFactoryBean : Initialized JPA EntityManagerFactory for persistence unit 'default'
2020-02-02 00:09:51.547  WARN 17544 --- [    Test worker] c.n.c.sources.URLConfigurationSource     : No URLs will be polled as dynamic configuration sources.
2020-02-02 00:09:51.548  INFO 17544 --- [    Test worker] c.n.c.sources.URLConfigurationSource     : To enable URLs as dynamic configuration sources, define System property archaius.configurationSource.additionalUrls or make config.properties available on classpath.
2020-02-02 00:09:51.557  WARN 17544 --- [    Test worker] c.n.c.sources.URLConfigurationSource     : No URLs will be polled as dynamic configuration sources.
2020-02-02 00:09:51.557  INFO 17544 --- [    Test worker] c.n.c.sources.URLConfigurationSource     : To enable URLs as dynamic configuration sources, define System property archaius.configurationSource.additionalUrls or make config.properties available on classpath.
2020-02-02 00:09:51.706  WARN 17544 --- [    Test worker] JpaBaseConfiguration$JpaWebConfiguration : spring.jpa.open-in-view is enabled by default. Therefore, database queries may be performed during view rendering. Explicitly configure spring.jpa.open-in-view to disable this warning
2020-02-02 00:09:52.150  INFO 17544 --- [    Test worker] o.s.s.concurrent.ThreadPoolTaskExecutor  : Initializing ExecutorService 'applicationTaskExecutor'
2020-02-02 00:09:53.409  INFO 17544 --- [    Test worker] c.d.eresume.EresumeApplicationTests      : Started EresumeApplicationTests in 9.082 seconds (JVM running for 10.46)
]]></system-out>
  <system-err><![CDATA[]]></system-err>
</testsuite>
